0 info it worked if it ends with ok
1 verbose cli [ 'D:\\Users\\mirajsm.ARAMCO\\software\\node\\node.exe',
1 verbose cli   'D:\\Users\\mirajsm.ARAMCO\\software\\node\\node_modules\\npm\\bin\\npm-cli.js',
1 verbose cli   'start' ]
2 info using npm@3.8.7
3 info using node@v5.9.1
4 verbose run-script [ 'prestart', 'start', 'poststart' ]
5 info lifecycle server@0.0.0~prestart: server@0.0.0
6 silly lifecycle server@0.0.0~prestart: no script for prestart, continuing
7 info lifecycle server@0.0.0~start: server@0.0.0
8 verbose lifecycle server@0.0.0~start: unsafe-perm in lifecycle true
9 verbose lifecycle server@0.0.0~start: PATH: D:\Users\mirajsm.ARAMCO\software\node\node_modules\npm\bin\node-gyp-bin;D:\dev\testingStuff\frontEnd\vue\server\node_modules\.bin;D:\Users\mirajsm.ARAMCO\software\node;C:\ProgramData\Oracle\Java\javapath;C:\windows\system32;C:\windows;C:\windows\System32\Wbem;C:\windows\System32\WindowsPowerShell\v1.0\;C:\Program Files (x86)\ActivIdentity\ActivClient\;C:\Program Files\ActivIdentity\ActivClient\;C:\ProgramData\Oracle\Java\javapath;C:\windows\system32;C:\windows;C:\windows\System32\Wbem;C:\windows\System32\WindowsPowerShell\v1.0\;C:\Program Files (x86)\ActivIdentity\ActivClient\;C:\Program Files\ActivIdentity\ActivClient\;D:\backup\llvm\bin;D:\Python27\;D:\Python27\Scripts;D:\backup\ag\;d:\Ruby22\bin;D:\Users\mirajsm.ARAMCO\software\Git\usr\bin;D:\Users\mirajsm.ARAMCO\software\Git\mingw64\bin;D:\Users\mirajsm.ARAMCO\software\node;D:\Users\mirajsm.ARAMCO\software\7-ZipPortable\App\7-Zip64;D:\Users\mirajsm.ARAMCO\.babun;D:\Users\mirajsm.ARAMCO\software\VsCode_1.6\;D:\Users\mirajsm.ARAMCO\software\vim80
10 verbose lifecycle server@0.0.0~start: CWD: D:\dev\testingStuff\frontEnd\vue\server
11 silly lifecycle server@0.0.0~start: Args: [ '/d /s /c', 'node ./bin/www' ]
12 silly lifecycle server@0.0.0~start: Returned: code: 1  signal: null
13 info lifecycle server@0.0.0~start: Failed to exec start script
14 verbose stack Error: server@0.0.0 start: `node ./bin/www`
14 verbose stack Exit status 1
14 verbose stack     at EventEmitter.<anonymous> (D:\Users\mirajsm.ARAMCO\software\node\node_modules\npm\lib\utils\lifecycle.js:244:16)
14 verbose stack     at emitTwo (events.js:100:13)
14 verbose stack     at EventEmitter.emit (events.js:185:7)
14 verbose stack     at ChildProcess.<anonymous> (D:\Users\mirajsm.ARAMCO\software\node\node_modules\npm\lib\utils\spawn.js:24:14)
14 verbose stack     at emitTwo (events.js:100:13)
14 verbose stack     at ChildProcess.emit (events.js:185:7)
14 verbose stack     at maybeClose (internal/child_process.js:850:16)
14 verbose stack     at Process.ChildProcess._handle.onexit (internal/child_process.js:215:5)
15 verbose pkgid server@0.0.0
16 verbose cwd D:\dev\testingStuff\frontEnd\vue\server
17 error Windows_NT 6.1.7601
18 error argv "D:\\Users\\mirajsm.ARAMCO\\software\\node\\node.exe" "D:\\Users\\mirajsm.ARAMCO\\software\\node\\node_modules\\npm\\bin\\npm-cli.js" "start"
19 error node v5.9.1
20 error npm  v3.8.7
21 error code ELIFECYCLE
22 error server@0.0.0 start: `node ./bin/www`
22 error Exit status 1
23 error Failed at the server@0.0.0 start script 'node ./bin/www'.
23 error Make sure you have the latest version of node.js and npm installed.
23 error If you do, this is most likely a problem with the server package,
23 error not with npm itself.
23 error Tell the author that this fails on your system:
23 error     node ./bin/www
23 error You can get information on how to open an issue for this project with:
23 error     npm bugs server
23 error Or if that isn't available, you can get their info via:
23 error     npm owner ls server
23 error There is likely additional logging output above.
24 verbose exit [ 1, true ]
